

> mobile@1.0.0 build /home/moenarch/moritzbrantner/monorepo/apps/mobile
> expo export --platform web

[90mReact Compiler enabled[39m
[2mStarting Metro Bundler[22m
Static rendering is enabled. [2mLearn more: [4mhttps://docs.expo.dev/router/reference/static-rendering/[24m[22m
[1mWeb[22m [0m[2mnode_modules/.pnpm/expo-router@6.0.23_@expo+metro-runti
me@6.1.2_@types+react@19.1.17_expo-constants@18.0.13_expo_p
pzsi5v3aglqzqraj7dwxymzzm/node_modules/expo-router/[22m[0m[1mentry.js
[22m [47m[37m░░░░░░░░░░░░░░░░[39m[49m[1m  0.0% [22m[2m(0/1)[22m
[1mλ[22m [0m[2mnode_modules/.pnpm/expo-router@6.0.23_@expo+metro-runtime
@6.1.2_@types+react@19.1.17_expo-constants@18.0.13_expo_ppz
si5v3aglqzqraj7dwxymzzm/node_modules/expo-router/node/[22m[0m[1mrende
r.js[22m [47m[37m░░░░░░░░░░░░░░░░[39m[49m[1m  0.0% [22m[2m(0/1)[22m
[59D[8A[0J[1mWeb[22m [0m[2mnode_modules/.pnpm/expo-router@6.0.23_@expo+metro-runti
me@6.1.2_@types+react@19.1.17_expo-constants@18.0.13_expo_p
pzsi5v3aglqzqraj7dwxymzzm/node_modules/expo-router/[22m[0m[1mentry.js
[22m [47m[37m░░░░░░░░░░░░░░░░[39m[49m[1m  0.0% [22m[2m(0/1)[22m
[1mλ[22m [0m[2mnode_modules/.pnpm/expo-router@6.0.23_@expo+metro-runtime
@6.1.2_@types+react@19.1.17_expo-constants@18.0.13_expo_ppz
si5v3aglqzqraj7dwxymzzm/node_modules/expo-router/node/[22m[0m[1mrende
r.js[22m [47m[37m░░░░░░░░░░░░░░░░[39m[49m[1m  2.2% [22m[2m( 22/148)[22m
[59D[8A[0J[1mWeb[22m [0m[2mnode_modules/.pnpm/expo-router@6.0.23_@expo+metro-runti
me@6.1.2_@types+react@19.1.17_expo-constants@18.0.13_expo_p
pzsi5v3aglqzqraj7dwxymzzm/node_modules/expo-router/[22m[0m[1mentry.js
[22m [47m[37m░░░░░░░░░░░░░░░░[39m[49m[1m  0.0% [22m[2m(0/1)[22m
[1mλ[22m [0m[2mnode_modules/.pnpm/expo-router@6.0.23_@expo+metro-runtime
@6.1.2_@types+react@19.1.17_expo-constants@18.0.13_expo_ppz
si5v3aglqzqraj7dwxymzzm/node_modules/expo-router/node/[22m[0m[1mrende
r.js[22m [32m[42m▓▓[49m[39m[47m[37m░░░░░░░░░░░░░░[39m[49m[1m 16.5% [22m[2m(111/273)[22m
[59D[8A[0J[1mWeb[22m [0m[2mnode_modules/.pnpm/expo-router@6.0.23_@expo+metro-runti
me@6.1.2_@types+react@19.1.17_expo-constants@18.0.13_expo_p
pzsi5v3aglqzqraj7dwxymzzm/node_modules/expo-router/[22m[0m[1mentry.js
[22m [32m[42m▓▓[49m[39m[47m[37m░░░░░░░░░░░░░░[39m[49m[1m 13.6% [22m[2m( 87/236)[22m
[1mλ[22m [0m[2mnode_modules/.pnpm/expo-router@6.0.23_@expo+metro-runtime
@6.1.2_@types+react@19.1.17_expo-constants@18.0.13_expo_ppz
si5v3aglqzqraj7dwxymzzm/node_modules/expo-router/node/[22m[0m[1mrende
r.js[22m [32m[42m▓▓[49m[39m[47m[37m░░░░░░░░░░░░░░[39m[49m[1m 16.5% [22m[2m(111/273)[22m
[59D[8A[0J[1mWeb[22m [0m[2mnode_modules/.pnpm/expo-router@6.0.23_@expo+metro-runti
me@6.1.2_@types+react@19.1.17_expo-constants@18.0.13_expo_p
pzsi5v3aglqzqraj7dwxymzzm/node_modules/expo-router/[22m[0m[1mentry.js
[22m [32m[42m▓▓[49m[39m[47m[37m░░░░░░░░░░░░░░[39m[49m[1m 13.6% [22m[2m( 87/236)[22m
[1mλ[22m [0m[2mnode_modules/.pnpm/expo-router@6.0.23_@expo+metro-runtime
@6.1.2_@types+react@19.1.17_expo-constants@18.0.13_expo_ppz
si5v3aglqzqraj7dwxymzzm/node_modules/expo-router/node/[22m[0m[1mrende
r.js[22m [32m[42m▓▓▓▓▓▓[49m[39m[47m[37m░░░░░░░░░░[39m[49m[1m 40.2% [22m[2m(272/429)[22m
[59D[8A[0J[1mWeb[22m [0m[2mnode_modules/.pnpm/expo-router@6.0.23_@expo+metro-runti
me@6.1.2_@types+react@19.1.17_expo-constants@18.0.13_expo_p
pzsi5v3aglqzqraj7dwxymzzm/node_modules/expo-router/[22m[0m[1mentry.js
[22m [32m[42m▓▓[49m[39m[47m[37m░░░░░░░░░░░░░░[39m[49m[1m 13.6% [22m[2m( 87/236)[22m
[1mλ[22m [0m[2mnode_modules/.pnpm/expo-router@6.0.23_@expo+metro-runtime
@6.1.2_@types+react@19.1.17_expo-constants@18.0.13_expo_ppz
si5v3aglqzqraj7dwxymzzm/node_modules/expo-router/node/[22m[0m[1mrende
r.js[22m [32m[42m▓▓▓▓▓▓▓▓▓▓[49m[39m[47m[37m░░░░░░[39m[49m[1m 63.7% [22m[2m(395/495)[22m
[59D[8A[0J[1mWeb[22m [0m[2mnode_modules/.pnpm/expo-router@6.0.23_@expo+metro-runti
me@6.1.2_@types+react@19.1.17_expo-constants@18.0.13_expo_p
pzsi5v3aglqzqraj7dwxymzzm/node_modules/expo-router/[22m[0m[1mentry.js
[22m [32m[42m▓▓[49m[39m[47m[37m░░░░░░░░░░░░░░[39m[49m[1m 13.6% [22m[2m( 87/236)[22m
[1mλ[22m [0m[2mnode_modules/.pnpm/expo-router@6.0.23_@expo+metro-runtime
@6.1.2_@types+react@19.1.17_expo-constants@18.0.13_expo_ppz
si5v3aglqzqraj7dwxymzzm/node_modules/expo-router/node/[22m[0m[1mrende
r.js[22m [32m[42m▓▓▓▓▓▓▓▓▓▓▓▓[49m[39m[47m[37m░░░░[39m[49m[1m 80.9% [22m[2m(482/536)[22m
[59D[8A[0J[1mWeb[22m [0m[2mnode_modules/.pnpm/expo-router@6.0.23_@expo+metro-runti
me@6.1.2_@types+react@19.1.17_expo-constants@18.0.13_expo_p
pzsi5v3aglqzqraj7dwxymzzm/node_modules/expo-router/[22m[0m[1mentry.js
[22m [32m[42m▓▓[49m[39m[47m[37m░░░░░░░░░░░░░░[39m[49m[1m 13.6% [22m[2m( 87/236)[22m
[1mλ[22m [0m[2mnode_modules/.pnpm/expo-router@6.0.23_@expo+metro-runtime
@6.1.2_@types+react@19.1.17_expo-constants@18.0.13_expo_ppz
si5v3aglqzqraj7dwxymzzm/node_modules/expo-router/node/[22m[0m[1mrende
r.js[22m [32m[42m▓▓▓▓▓▓▓▓▓▓▓▓▓[49m[39m[47m[37m░░░[39m[49m[1m 83.8% [22m[2m(520/568)[22m
[59D[8A[0J[1mWeb[22m [0m[2mnode_modules/.pnpm/expo-router@6.0.23_@expo+metro-runti
me@6.1.2_@types+react@19.1.17_expo-constants@18.0.13_expo_p
pzsi5v3aglqzqraj7dwxymzzm/node_modules/expo-router/[22m[0m[1mentry.js
[22m [32m[42m▓▓[49m[39m[47m[37m░░░░░░░░░░░░░░[39m[49m[1m 13.6% [22m[2m( 87/236)[22m
[1mλ[22m [0m[2mnode_modules/.pnpm/expo-router@6.0.23_@expo+metro-runtime
@6.1.2_@types+react@19.1.17_expo-constants@18.0.13_expo_ppz
si5v3aglqzqraj7dwxymzzm/node_modules/expo-router/node/[22m[0m[1mrende
r.js[22m [32m[42m▓▓▓▓▓▓▓▓▓▓▓▓▓[49m[39m[47m[37m░░░[39m[49m[1m 84.6% [22m[2m(584/635)[22m
[59D[8A[0J[1mWeb[22m [0m[2mnode_modules/.pnpm/expo-router@6.0.23_@expo+metro-runti
me@6.1.2_@types+react@19.1.17_expo-constants@18.0.13_expo_p
pzsi5v3aglqzqraj7dwxymzzm/node_modules/expo-router/[22m[0m[1mentry.js
[22m [32m[42m▓▓[49m[39m[47m[37m░░░░░░░░░░░░░░[39m[49m[1m 13.6% [22m[2m( 87/236)[22m
[1mλ[22m [0m[2mnode_modules/.pnpm/expo-router@6.0.23_@expo+metro-runtime
@6.1.2_@types+react@19.1.17_expo-constants@18.0.13_expo_ppz
si5v3aglqzqraj7dwxymzzm/node_modules/expo-router/node/[22m[0m[1mrende
r.js[22m [32m[42m▓▓▓▓▓▓▓▓▓▓▓▓▓[49m[39m[47m[37m░░░[39m[49m[1m 84.6% [22m[2m(657/740)[22m
[59D[8A[0J[1mWeb[22m [0m[2mnode_modules/.pnpm/expo-router@6.0.23_@expo+metro-runti
me@6.1.2_@types+react@19.1.17_expo-constants@18.0.13_expo_p
pzsi5v3aglqzqraj7dwxymzzm/node_modules/expo-router/[22m[0m[1mentry.js
[22m [32m[42m▓▓[49m[39m[47m[37m░░░░░░░░░░░░░░[39m[49m[1m 13.6% [22m[2m( 87/236)[22m
[1mλ[22m [0m[2mnode_modules/.pnpm/expo-router@6.0.23_@expo+metro-runtime
@6.1.2_@types+react@19.1.17_expo-constants@18.0.13_expo_ppz
si5v3aglqzqraj7dwxymzzm/node_modules/expo-router/node/[22m[0m[1mrende
r.js[22m [32m[42m▓▓▓▓▓▓▓▓▓▓▓▓▓[49m[39m[47m[37m░░░[39m[49m[1m 84.6% [22m[2m(699/817)[22m
[59D[8A[0J[1mWeb[22m [0m[2mnode_modules/.pnpm/expo-router@6.0.23_@expo+metro-runti
me@6.1.2_@types+react@19.1.17_expo-constants@18.0.13_expo_p
pzsi5v3aglqzqraj7dwxymzzm/node_modules/expo-router/[22m[0m[1mentry.js
[22m [32m[42m▓▓▓▓▓▓▓▓▓▓▓[49m[39m[47m[37m░░░░░[39m[49m[1m 74.8% [22m[2m(613/709)[22m
[1mλ[22m [0m[2mnode_modules/.pnpm/expo-router@6.0.23_@expo+metro-runtime
@6.1.2_@types+react@19.1.17_expo-constants@18.0.13_expo_ppz
si5v3aglqzqraj7dwxymzzm/node_modules/expo-router/node/[22m[0m[1mrende
r.js[22m [32m[42m▓▓▓▓▓▓▓▓▓▓▓▓▓[49m[39m[47m[37m░░░[39m[49m[1m 84.6% [22m[2m(699/817)[22m
[59D[8A[0J[1mWeb[22m [0m[2mnode_modules/.pnpm/expo-router@6.0.23_@expo+metro-runti
me@6.1.2_@types+react@19.1.17_expo-constants@18.0.13_expo_p
pzsi5v3aglqzqraj7dwxymzzm/node_modules/expo-router/[22m[0m[1mentry.js
[22m [32m[42m▓▓▓▓▓▓▓▓▓▓▓▓[49m[39m[47m[37m░░░░[39m[49m[1m 80.2% [22m[2m(643/718)[22m
[1mλ[22m [0m[2mnode_modules/.pnpm/expo-router@6.0.23_@expo+metro-runtime
@6.1.2_@types+react@19.1.17_expo-constants@18.0.13_expo_ppz
si5v3aglqzqraj7dwxymzzm/node_modules/expo-router/node/[22m[0m[1mrende
r.js[22m [32m[42m▓▓▓▓▓▓▓▓▓▓▓▓▓[49m[39m[47m[37m░░░[39m[49m[1m 84.6% [22m[2m(699/817)[22m
[59D[8A[0J[1mWeb[22m [0m[2mnode_modules/.pnpm/expo-router@6.0.23_@expo+metro-runti
me@6.1.2_@types+react@19.1.17_expo-constants@18.0.13_expo_p
pzsi5v3aglqzqraj7dwxymzzm/node_modules/expo-router/[22m[0m[1mentry.js
[22m [32m[42m▓▓▓▓▓▓▓▓▓▓▓▓[49m[39m[47m[37m░░░░[39m[49m[1m 80.7% [22m[2m(760/846)[22m
[1mλ[22m [0m[2mnode_modules/.pnpm/expo-router@6.0.23_@expo+metro-runtime
@6.1.2_@types+react@19.1.17_expo-constants@18.0.13_expo_ppz
si5v3aglqzqraj7dwxymzzm/node_modules/expo-router/node/[22m[0m[1mrende
r.js[22m [32m[42m▓▓▓▓▓▓▓▓▓▓▓▓▓[49m[39m[47m[37m░░░[39m[49m[1m 84.6% [22m[2m(699/817)[22m
[59D[8A[0J[1mWeb[22m [0m[2mnode_modules/.pnpm/expo-router@6.0.23_@expo+metro-runti
me@6.1.2_@types+react@19.1.17_expo-constants@18.0.13_expo_p
pzsi5v3aglqzqraj7dwxymzzm/node_modules/expo-router/[22m[0m[1mentry.js
[22m [32m[42m▓▓▓▓▓▓▓▓▓▓▓▓[49m[39m[47m[37m░░░░[39m[49m[1m 80.7% [22m[2m(760/846)[22m
[1mλ[22m [0m[2mnode_modules/.pnpm/expo-router@6.0.23_@expo+metro-runtime
@6.1.2_@types+react@19.1.17_expo-constants@18.0.13_expo_ppz
si5v3aglqzqraj7dwxymzzm/node_modules/expo-router/node/[22m[0m[1mrende
r.js[22m [32m[42m▓▓▓▓▓▓▓▓▓▓▓▓▓▓[49m[39m[47m[37m░░[39m[49m[1m 93.3% [22m[2m(965/999)[22m
[59D[8A[0J[1mWeb[22m [0m[2mnode_modules/.pnpm/expo-router@6.0.23_@expo+metro-runti
me@6.1.2_@types+react@19.1.17_expo-constants@18.0.13_expo_p
pzsi5v3aglqzqraj7dwxymzzm/node_modules/expo-router/[22m[0m[1mentry.js
[22m [32m[42m▓▓▓▓▓▓▓▓▓▓▓▓[49m[39m[47m[37m░░░░[39m[49m[1m 80.7% [22m[2m(760/846)[22m
[1mλ[22m [0m[2mnode_modules/.pnpm/expo-router@6.0.23_@expo+metro-runtime
@6.1.2_@types+react@19.1.17_expo-constants@18.0.13_expo_ppz
si5v3aglqzqraj7dwxymzzm/node_modules/expo-router/node/[22m[0m[1mrende
r.js[22m [32m[42m▓▓▓▓▓▓▓▓▓▓▓▓▓▓▓[49m[39m[47m[37m░[39m[49m[1m 96.8% [22m[2m(1037/1054)[22m
[59D[8A[0J[1mWeb[22m [0m[2mnode_modules/.pnpm/expo-router@6.0.23_@expo+metro-runti
me@6.1.2_@types+react@19.1.17_expo-constants@18.0.13_expo_p
pzsi5v3aglqzqraj7dwxymzzm/node_modules/expo-router/[22m[0m[1mentry.js
[22m [32m[42m▓▓▓▓▓▓▓▓▓▓▓▓▓▓▓[49m[39m[47m[37m░[39m[49m[1m 98.4% [22m[2m(1015/1023)[22m
[1mλ[22m [0m[2mnode_modules/.pnpm/expo-router@6.0.23_@expo+metro-runtime
@6.1.2_@types+react@19.1.17_expo-constants@18.0.13_expo_ppz
si5v3aglqzqraj7dwxymzzm/node_modules/expo-router/node/[22m[0m[1mrende
r.js[22m [32m[42m▓▓▓▓▓▓▓▓▓▓▓▓▓▓▓[49m[39m[47m[37m░[39m[49m[1m 96.8% [22m[2m(1037/1054)[22m
[59D[8A[0J[1mWeb[22m [0m[2mnode_modules/.pnpm/expo-router@6.0.23_@expo+metro-runti
me@6.1.2_@types+react@19.1.17_expo-constants@18.0.13_expo_p
pzsi5v3aglqzqraj7dwxymzzm/node_modules/expo-router/[22m[0m[1mentry.js
[22m [32m[42m▓▓▓▓▓▓▓▓▓▓▓▓▓▓▓[49m[39m[47m[37m░[39m[49m[1m 98.4% [22m[2m(1025/1037)[22m
[1mλ[22m [0m[2mnode_modules/.pnpm/expo-router@6.0.23_@expo+metro-runtime
@6.1.2_@types+react@19.1.17_expo-constants@18.0.13_expo_ppz
si5v3aglqzqraj7dwxymzzm/node_modules/expo-router/node/[22m[0m[1mrende
r.js[22m [32m[42m▓▓▓▓▓▓▓▓▓▓▓▓▓▓▓[49m[39m[47m[37m░[39m[49m[1m 96.8% [22m[2m(1037/1054)[22m
[59D[8A[0J[1mWeb[22m [0m[2mnode_modules/.pnpm/expo-router@6.0.23_@expo+metro-runti
me@6.1.2_@types+react@19.1.17_expo-constants@18.0.13_expo_p
pzsi5v3aglqzqraj7dwxymzzm/node_modules/expo-router/[22m[0m[1mentry.js
[22m [32m[42m▓▓▓▓▓▓▓▓▓▓▓▓▓▓▓[49m[39m[47m[37m░[39m[49m[1m 98.4% [22m[2m(1025/1037)[22m
[1mλ[22m [0m[2mnode_modules/.pnpm/expo-router@6.0.23_@expo+metro-runtime
@6.1.2_@types+react@19.1.17_expo-constants@18.0.13_expo_ppz
si5v3aglqzqraj7dwxymzzm/node_modules/expo-router/node/[22m[0m[1mrende
r.js[22m [32m[42m▓▓▓▓▓▓▓▓▓▓▓▓▓▓▓[49m[39m[47m[37m░[39m[49m[1m 99.4% [22m[2m(1076/1079)[22m
[59D[8A[0J[1mWeb[22m [0m[2mnode_modules/.pnpm/expo-router@6.0.23_@expo+metro-runti
me@6.1.2_@types+react@19.1.17_expo-constants@18.0.13_expo_p
pzsi5v3aglqzqraj7dwxymzzm/node_modules/expo-router/[22m[0m[1mentry.js
[22m [32m[42m▓▓▓▓▓▓▓▓▓▓▓▓▓▓▓[49m[39m[47m[37m░[39m[49m[1m 98.4% [22m[2m(1025/1037)[22m
[1mλ[22m [0m[2mnode_modules/.pnpm/expo-router@6.0.23_@expo+metro-runtime
@6.1.2_@types+react@19.1.17_expo-constants@18.0.13_expo_ppz
si5v3aglqzqraj7dwxymzzm/node_modules/expo-router/node/[22m[0m[1mrende
r.js[22m [32m[42m▓▓▓▓▓▓▓▓▓▓▓▓▓▓▓[49m[39m[47m[37m░[39m[49m[1m 99.6% [22m[2m(1078/1080)[22m
[59D[8A[0J[1mWeb[22m [0m[2mnode_modules/.pnpm/expo-router@6.0.23_@expo+metro-runti
me@6.1.2_@types+react@19.1.17_expo-constants@18.0.13_expo_p
pzsi5v3aglqzqraj7dwxymzzm/node_modules/expo-router/[22m[0m[1mentry.js
[22m [32m[42m▓▓▓▓▓▓▓▓▓▓▓▓▓▓▓[49m[39m[47m[37m░[39m[49m[1m 99.6% [22m[2m(1061/1063)[22m
[1mλ[22m [0m[2mnode_modules/.pnpm/expo-router@6.0.23_@expo+metro-runtime
@6.1.2_@types+react@19.1.17_expo-constants@18.0.13_expo_ppz
si5v3aglqzqraj7dwxymzzm/node_modules/expo-router/node/[22m[0m[1mrende
r.js[22m [32m[42m▓▓▓▓▓▓▓▓▓▓▓▓▓▓▓[49m[39m[47m[37m░[39m[49m[1m 99.6% [22m[2m(1078/1080)[22m
[59D[8A[0J[32m[1mλ[22m Bundled [39m[2m2118ms[22m[0m[2m node_modules/.pnpm/expo-router@6.0.23_@expo+metro-runtime@6.1.2_@types+react@19.1.17_expo-constants@18.0.13_expo_ppzsi5v3aglqzqraj7dwxymzzm/node_modules/expo-router/node/render.js (1080 modules)[22m[0m
[1mWeb[22m [0m[2mnode_modules/.pnpm/expo-router@6.0.23_@expo+metro-runti
me@6.1.2_@types+react@19.1.17_expo-constants@18.0.13_expo_p
pzsi5v3aglqzqraj7dwxymzzm/node_modules/expo-router/[22m[0m[1mentry.js
[22m [32m[42m▓▓▓▓▓▓▓▓▓▓▓▓▓▓▓[49m[39m[47m[37m░[39m[49m[1m 99.6% [22m[2m(1061/1063)[22m
[1mλ[22m [0m[2mnode_modules/.pnpm/expo-router@6.0.23_@expo+metro-runtime
@6.1.2_@types+react@19.1.17_expo-constants@18.0.13_expo_ppz
si5v3aglqzqraj7dwxymzzm/node_modules/expo-router/node/[22m[0m[1mrende
r.js[22m [32m[42m▓▓▓▓▓▓▓▓▓▓▓▓▓▓▓[49m[39m[47m[37m░[39m[49m[1m 99.6% [22m[2m(1078/1080)[22m
[59D[8A[0J[1mWeb[22m [0m[2mnode_modules/.pnpm/expo-router@6.0.23_@expo+metro-runti
me@6.1.2_@types+react@19.1.17_expo-constants@18.0.13_expo_p
pzsi5v3aglqzqraj7dwxymzzm/node_modules/expo-router/[22m[0m[1mentry.js
[22m [32m[42m▓▓▓▓▓▓▓▓▓▓▓▓▓▓▓[49m[39m[47m[37m░[39m[49m[1m 99.6% [22m[2m(1065/1069)[22m
[59D[4A[0J[1mWeb[22m [0m[2mnode_modules/.pnpm/expo-router@6.0.23_@expo+metro-runti
me@6.1.2_@types+react@19.1.17_expo-constants@18.0.13_expo_p
pzsi5v3aglqzqraj7dwxymzzm/node_modules/expo-router/[22m[0m[1mentry.js
[22m [32m[42m▓▓▓▓▓▓▓▓▓▓▓▓▓▓▓[49m[39m[47m[37m░[39m[49m[1m 99.6% [22m[2m(1071/1077)[22m
[59D[4A[0J[32m[1mWeb[22m Bundled [39m[2m2570ms[22m[0m[2m node_modules/.pnpm/expo-router@6.0.23_@expo+metro-runtime@6.1.2_@types+react@19.1.17_expo-constants@18.0.13_expo_ppzsi5v3aglqzqraj7dwxymzzm/node_modules/expo-router/entry.js (1077 modules)[22m[0m
[1mWeb[22m [0m[2mnode_modules/.pnpm/expo-router@6.0.23_@expo+metro-runti
me@6.1.2_@types+react@19.1.17_expo-constants@18.0.13_expo_p
pzsi5v3aglqzqraj7dwxymzzm/node_modules/expo-router/[22m[0m[1mentry.js
[22m [32m[42m▓▓▓▓▓▓▓▓▓▓▓▓▓▓▓[49m[39m[47m[37m░[39m[49m[1m 99.6% [22m[2m(1071/1077)[22m
[59D[4A[0J
[1m› web bundles (1):[22m
_expo/static/js/web/entry-6ef9ec926ffb84b40e265922a3f06ed0.js [90m(1.87 MB)[39m

[1m› Static routes (11):[22m
/modal [90m(30.4 kB)[39m
/[90m (index)[39m [90m(27.9 kB)[39m
/three [90m(27.6 kB)[39m
/explore [90m(28 kB)[39m
/_sitemap [90m(18.7 kB)[39m
/settings [90m(27.4 kB)[39m
/+not-found [90m(18.7 kB)[39m
/(tabs) [90m(27.9 kB)[39m
/(tabs)/three [90m(27.6 kB)[39m
/(tabs)/explore [90m(28 kB)[39m
/(tabs)/settings [90m(27.4 kB)[39m

[92mExported: dist[39m
